<?xml version="1.0" encoding="UTF-8"?>
<!-- Generated by org.testng.reporters.JUnitXMLReporter -->
<testsuite ignored="4" hostname="MIIPL_ON_Rajendra_Mane" failures="0" tests="1" name="Default test" time="27.442" errors="0" timestamp="2024-12-09T18:52:31 IST">
  <testcase classname="ESAF.Portal.TestCases.ESAF_LoginTestCase" name="Check_Valid_Credentials" time="21.313"/>
  <testcase classname="ESAF.Portal.TestCases.ESAF_LoginTestCase" name="Check_Blank_Username" time="0.0">
    <ignored/>
  </testcase> <!-- Check_Blank_Username -->
  <testcase classname="ESAF.Portal.TestCases.ESAF_LoginTestCase" name="Check_Blank_Password" time="0.0">
    <ignored/>
  </testcase> <!-- Check_Blank_Password -->
  <testcase classname="ESAF.Portal.TestCases.ESAF_LoginTestCase" name="Check_InValid_Password" time="0.0">
    <ignored/>
  </testcase> <!-- Check_InValid_Password -->
  <testcase classname="ESAF.Portal.TestCases.ESAF_LoginTestCase" name="Check_InValid_User_Name" time="0.0">
    <ignored/>
  </testcase> <!-- Check_InValid_User_Name -->
</testsuite> <!-- Default test -->
