<?xml version="1.0" encoding="UTF-8"?>
<!-- Generated by org.testng.reporters.JUnitXMLReporter -->
<testsuite ignored="0" hostname="MIIPL_ON_Rajendra_Mane" failures="0" tests="6" name="Default test" time="117.919" errors="0" timestamp="2025-04-02T15:01:49 IST">
  <testcase classname="ESAF.Portal.TestCases.ESAF_AgentReg_TestCase" name="Agent_Registration" time="34.474"/>
  <testcase classname="ESAF.Portal.TestCases.ESAF_AgentReg_TestCase" name="documentUpload" time="9.665"/>
  <testcase classname="ESAF.Portal.TestCases.ESAF_AgentReg_TestCase" name="level1OneVerification" time="18.057"/>
  <testcase classname="ESAF.Portal.TestCases.ESAF_AgentReg_TestCase" name="level2Verification" time="18.996"/>
  <testcase classname="ESAF.Portal.TestCases.ESAF_AgentReg_TestCase" name="level3Verification" time="19.026"/>
  <testcase classname="ESAF.Portal.TestCases.ESAF_AgentReg_TestCase" name="level4Verification" time="17.515"/>
</testsuite> <!-- Default test -->
