<?xml version="1.0" encoding="UTF-8"?>
<!-- Generated by org.testng.reporters.JUnitXMLReporter -->
<testsuite ignored="4" hostname="MIIPL_ON_Rajendra_Mane" failures="0" tests="18" name="Test" time="308.916" errors="0" timestamp="2025-04-02T16:38:31 IST">
  <testcase classname="ESAF.Portal.TestCases.ESAF_CorporateBC_Testcase" name="Cbc_Registration" time="21.325"/>
  <testcase classname="ESAF.Portal.TestCases.ESAF_CorporateBC_Testcase" name="Cbc_DocsUpload" time="9.107"/>
  <testcase classname="ESAF.Portal.TestCases.ESAF_CorporateBC_Testcase" name="Cbc_Verification" time="12.883"/>
  <testcase classname="ESAF.Portal.TestCases.ESAF_CorporateBC_Testcase" name="Cbc_ActiveCorporateBc" time="14.637"/>
  <testcase classname="ESAF.Portal.TestCases.ESAF_CorporateBC_Testcase" name="Bc_DeActivationTest" time="22.123"/>
  <testcase classname="ESAF.Portal.TestCases.ESAF_CorporateBC_Testcase" name="Bc_TERMINATED_ListTest" time="3.43"/>
  <testcase classname="ESAF.Portal.TestCases.ESAF_CorporateBC_Testcase" name="Bc_Status_Test" time="3.232"/>
  <testcase classname="ESAF.Portal.TestCases.ESAF_Aggregator_Registration_TestCase" name="Registration" time="32.246"/>
  <testcase classname="ESAF.Portal.TestCases.ESAF_Aggregator_Registration_TestCase" name="Document_Upload" time="5.765"/>
  <testcase classname="ESAF.Portal.TestCases.ESAF_Aggregator_Registration_TestCase" name="Verification" time="8.334"/>
  <testcase classname="ESAF.Portal.TestCases.ESAF_Aggregator_Registration_TestCase" name="Active_Aggregator" time="6.785"/>
  <testcase classname="ESAF.Portal.TestCases.ESAF_Aggregator_Registration_TestCase" name="Deactivated_Aggregator" time="23.762"/>
  <testcase classname="ESAF.Portal.TestCases.ESAF_AgentReg_TestCase" name="Agent_Registration" time="55.502"/>
  <testcase classname="ESAF.Portal.TestCases.ESAF_AgentReg_TestCase" name="documentUpload" time="9.617"/>
  <testcase classname="ESAF.Portal.TestCases.ESAF_AgentReg_TestCase" name="level1OneVerification" time="21.283"/>
  <testcase classname="ESAF.Portal.TestCases.ESAF_AgentReg_TestCase" name="level2Verification" time="20.283"/>
  <testcase classname="ESAF.Portal.TestCases.ESAF_AgentReg_TestCase" name="level3Verification" time="19.599"/>
  <testcase classname="ESAF.Portal.TestCases.ESAF_AgentReg_TestCase" name="level4Verification" time="18.725"/>
  <testcase classname="ESAF.Portal.TestCases.Base" name="@BeforeSuite beforeSuite" time="0.0">
    <ignored/>
  </testcase> <!-- @BeforeSuite beforeSuite -->
  <testcase classname="ESAF.Portal.TestCases.Base" name="@BeforeSuite beforeSuite" time="0.0">
    <ignored/>
  </testcase> <!-- @BeforeSuite beforeSuite -->
  <testcase classname="ESAF.Portal.TestCases.Base" name="@AfterSuite afterSuite" time="0.0">
    <ignored/>
  </testcase> <!-- @AfterSuite afterSuite -->
  <testcase classname="ESAF.Portal.TestCases.Base" name="@AfterSuite afterSuite" time="0.0">
    <ignored/>
  </testcase> <!-- @AfterSuite afterSuite -->
</testsuite> <!-- Test -->
