<?xml version="1.0" encoding="UTF-8"?>
<testng-results ignored="4" total="5" passed="1" failed="0" skipped="0">
  <reporter-output>
  </reporter-output>
  <suite started-at="2024-12-09T18:52:04 IST" name="Default suite" finished-at="2024-12-09T18:52:31 IST" duration-ms="27442">
    <groups>
    </groups>
    <test started-at="2024-12-09T18:52:04 IST" name="Default test" finished-at="2024-12-09T18:52:31 IST" duration-ms="27442">
      <class name="ESAF.Portal.TestCases.ESAF_LoginTestCase">
        <test-method is-config="true" signature="Initalization()[pri:0, instance:ESAF.Portal.TestCases.ESAF_LoginTestCase@55183b20]" started-at="2024-12-09T18:52:04 IST" name="Initalization" finished-at="2024-12-09T18:52:10 IST" duration-ms="5648" status="PASS">
          <reporter-output>
          </reporter-output>
        </test-method> <!-- Initalization -->
        <test-method signature="Check_Valid_Credentials()[pri:5, instance:ESAF.Portal.TestCases.ESAF_LoginTestCase@55183b20]" started-at="2024-12-09T18:52:10 IST" name="Check_Valid_Credentials" finished-at="2024-12-09T18:52:31 IST" duration-ms="21313" status="PASS">
          <reporter-output>
          </reporter-output>
        </test-method> <!-- Check_Valid_Credentials -->
        <test-method is-config="true" signature="tearDown()[pri:0, instance:ESAF.Portal.TestCases.ESAF_LoginTestCase@55183b20]" started-at="2024-12-09T18:52:31 IST" name="tearDown" finished-at="2024-12-09T18:52:31 IST" duration-ms="442" status="PASS">
          <reporter-output>
          </reporter-output>
        </test-method> <!-- tearDown -->
      </class> <!-- ESAF.Portal.TestCases.ESAF_LoginTestCase -->
    </test> <!-- Default test -->
  </suite> <!-- Default suite -->
</testng-results>
