<?xml version="1.0" encoding="UTF-8"?>
<testng-results ignored="0" total="18" passed="18" failed="0" skipped="0">
  <reporter-output>
  </reporter-output>
  <suite started-at="2025-04-02T16:33:22 IST" name="Suite" finished-at="2025-04-02T16:38:31 IST" duration-ms="308916">
    <groups>
    </groups>
    <test started-at="2025-04-02T16:33:22 IST" name="Test" finished-at="2025-04-02T16:38:31 IST" duration-ms="308916">
      <class name="ESAF.Portal.TestCases.ESAF_CorporateBC_Testcase">
        <test-method is-config="true" signature="beforeSuite()[pri:0, instance:ESAF.Portal.TestCases.ESAF_CorporateBC_Testcase@5495333e]" started-at="2025-04-02T16:33:03 IST" name="beforeSuite" finished-at="2025-04-02T16:33:22 IST" duration-ms="18476" status="PASS">
          <reporter-output>
          </reporter-output>
        </test-method> <!-- beforeSuite -->
        <test-method is-config="true" signature="beforeClass(org.testng.ITestContext)[pri:0, instance:ESAF.Portal.TestCases.ESAF_CorporateBC_Testcase@5495333e]" started-at="2025-04-02T16:33:22 IST" name="beforeClass" finished-at="2025-04-02T16:33:22 IST" duration-ms="10" status="PASS">
          <params>
            <param index="0">
              <value>
                <![CDATA[org.testng.TestRunner@27f8f1cc]]>
              </value>
            </param>
          </params>
          <reporter-output>
          </reporter-output>
        </test-method> <!-- beforeClass -->
        <test-method is-config="true" signature="test()[pri:0, instance:ESAF.Portal.TestCases.ESAF_CorporateBC_Testcase@5495333e]" started-at="2025-04-02T16:33:22 IST" name="test" finished-at="2025-04-02T16:33:22 IST" duration-ms="49" status="PASS">
          <reporter-output>
          </reporter-output>
        </test-method> <!-- test -->
        <test-method signature="Cbc_Registration()[pri:1, instance:ESAF.Portal.TestCases.ESAF_CorporateBC_Testcase@5495333e]" started-at="2025-04-02T16:33:22 IST" name="Cbc_Registration" finished-at="2025-04-02T16:33:43 IST" duration-ms="21325" status="PASS">
          <reporter-output>
          </reporter-output>
        </test-method> <!-- Cbc_Registration -->
        <test-method signature="Cbc_DocsUpload()[pri:2, instance:ESAF.Portal.TestCases.ESAF_CorporateBC_Testcase@5495333e]" started-at="2025-04-02T16:33:43 IST" name="Cbc_DocsUpload" finished-at="2025-04-02T16:33:52 IST" depends-on-methods="ESAF.Portal.TestCases.ESAF_CorporateBC_Testcase.Cbc_Registration" duration-ms="9107" status="PASS">
          <reporter-output>
          </reporter-output>
        </test-method> <!-- Cbc_DocsUpload -->
        <test-method signature="Cbc_Verification()[pri:3, instance:ESAF.Portal.TestCases.ESAF_CorporateBC_Testcase@5495333e]" started-at="2025-04-02T16:33:52 IST" name="Cbc_Verification" finished-at="2025-04-02T16:34:05 IST" depends-on-methods="ESAF.Portal.TestCases.ESAF_CorporateBC_Testcase.Cbc_DocsUpload" duration-ms="12883" status="PASS">
          <reporter-output>
          </reporter-output>
        </test-method> <!-- Cbc_Verification -->
        <test-method signature="Cbc_ActiveCorporateBc()[pri:4, instance:ESAF.Portal.TestCases.ESAF_CorporateBC_Testcase@5495333e]" started-at="2025-04-02T16:34:05 IST" name="Cbc_ActiveCorporateBc" finished-at="2025-04-02T16:34:20 IST" depends-on-methods="ESAF.Portal.TestCases.ESAF_CorporateBC_Testcase.Cbc_Verification" duration-ms="14637" status="PASS">
          <reporter-output>
          </reporter-output>
        </test-method> <!-- Cbc_ActiveCorporateBc -->
        <test-method signature="Bc_DeActivationTest()[pri:5, instance:ESAF.Portal.TestCases.ESAF_CorporateBC_Testcase@5495333e]" started-at="2025-04-02T16:34:20 IST" name="Bc_DeActivationTest" finished-at="2025-04-02T16:34:42 IST" duration-ms="22123" status="PASS">
          <reporter-output>
          </reporter-output>
        </test-method> <!-- Bc_DeActivationTest -->
        <test-method signature="Bc_TERMINATED_ListTest()[pri:6, instance:ESAF.Portal.TestCases.ESAF_CorporateBC_Testcase@5495333e]" started-at="2025-04-02T16:34:42 IST" name="Bc_TERMINATED_ListTest" finished-at="2025-04-02T16:34:45 IST" duration-ms="3430" status="PASS">
          <reporter-output>
          </reporter-output>
        </test-method> <!-- Bc_TERMINATED_ListTest -->
        <test-method signature="Bc_Status_Test()[pri:7, instance:ESAF.Portal.TestCases.ESAF_CorporateBC_Testcase@5495333e]" started-at="2025-04-02T16:34:45 IST" name="Bc_Status_Test" finished-at="2025-04-02T16:34:49 IST" duration-ms="3232" status="PASS">
          <reporter-output>
          </reporter-output>
        </test-method> <!-- Bc_Status_Test -->
        <test-method is-config="true" signature="afterClass()[pri:0, instance:ESAF.Portal.TestCases.ESAF_CorporateBC_Testcase@5495333e]" started-at="2025-04-02T16:34:49 IST" name="afterClass" finished-at="2025-04-02T16:34:49 IST" duration-ms="0" status="PASS">
          <reporter-output>
          </reporter-output>
        </test-method> <!-- afterClass -->
        <test-method is-config="true" signature="afterSuite()[pri:0, instance:ESAF.Portal.TestCases.ESAF_CorporateBC_Testcase@5495333e]" started-at="2025-04-02T16:38:31 IST" name="afterSuite" finished-at="2025-04-02T16:38:40 IST" duration-ms="8418" status="PASS">
          <reporter-output>
          </reporter-output>
        </test-method> <!-- afterSuite -->
      </class> <!-- ESAF.Portal.TestCases.ESAF_CorporateBC_Testcase -->
      <class name="ESAF.Portal.TestCases.ESAF_AgentReg_TestCase">
        <test-method is-config="true" signature="beforeClass(org.testng.ITestContext)[pri:0, instance:ESAF.Portal.TestCases.ESAF_AgentReg_TestCase@67b9b51a]" started-at="2025-04-02T16:36:06 IST" name="beforeClass" finished-at="2025-04-02T16:36:06 IST" duration-ms="1" status="PASS">
          <params>
            <param index="0">
              <value>
                <![CDATA[org.testng.TestRunner@27f8f1cc]]>
              </value>
            </param>
          </params>
          <reporter-output>
          </reporter-output>
        </test-method> <!-- beforeClass -->
        <test-method is-config="true" signature="Initalization()[pri:0, instance:ESAF.Portal.TestCases.ESAF_AgentReg_TestCase@67b9b51a]" started-at="2025-04-02T16:36:06 IST" name="Initalization" finished-at="2025-04-02T16:36:06 IST" duration-ms="12" status="PASS">
          <reporter-output>
          </reporter-output>
        </test-method> <!-- Initalization -->
        <test-method signature="Agent_Registration()[pri:1, instance:ESAF.Portal.TestCases.ESAF_AgentReg_TestCase@67b9b51a]" started-at="2025-04-02T16:36:06 IST" name="Agent_Registration" finished-at="2025-04-02T16:37:01 IST" duration-ms="55502" status="PASS">
          <reporter-output>
          </reporter-output>
        </test-method> <!-- Agent_Registration -->
        <test-method signature="documentUpload()[pri:2, instance:ESAF.Portal.TestCases.ESAF_AgentReg_TestCase@67b9b51a]" started-at="2025-04-02T16:37:01 IST" name="documentUpload" finished-at="2025-04-02T16:37:11 IST" depends-on-methods="ESAF.Portal.TestCases.ESAF_AgentReg_TestCase.Agent_Registration" duration-ms="9617" status="PASS">
          <reporter-output>
          </reporter-output>
        </test-method> <!-- documentUpload -->
        <test-method signature="level1OneVerification()[pri:3, instance:ESAF.Portal.TestCases.ESAF_AgentReg_TestCase@67b9b51a]" started-at="2025-04-02T16:37:11 IST" name="level1OneVerification" finished-at="2025-04-02T16:37:32 IST" depends-on-methods="ESAF.Portal.TestCases.ESAF_AgentReg_TestCase.documentUpload" duration-ms="21283" status="PASS">
          <reporter-output>
          </reporter-output>
        </test-method> <!-- level1OneVerification -->
        <test-method signature="level2Verification()[pri:4, instance:ESAF.Portal.TestCases.ESAF_AgentReg_TestCase@67b9b51a]" started-at="2025-04-02T16:37:32 IST" name="level2Verification" finished-at="2025-04-02T16:37:52 IST" depends-on-methods="ESAF.Portal.TestCases.ESAF_AgentReg_TestCase.level1OneVerification" duration-ms="20283" status="PASS">
          <reporter-output>
          </reporter-output>
        </test-method> <!-- level2Verification -->
        <test-method signature="level3Verification()[pri:5, instance:ESAF.Portal.TestCases.ESAF_AgentReg_TestCase@67b9b51a]" started-at="2025-04-02T16:37:52 IST" name="level3Verification" finished-at="2025-04-02T16:38:12 IST" depends-on-methods="ESAF.Portal.TestCases.ESAF_AgentReg_TestCase.level2Verification" duration-ms="19599" status="PASS">
          <reporter-output>
          </reporter-output>
        </test-method> <!-- level3Verification -->
        <test-method signature="level4Verification()[pri:6, instance:ESAF.Portal.TestCases.ESAF_AgentReg_TestCase@67b9b51a]" started-at="2025-04-02T16:38:12 IST" name="level4Verification" finished-at="2025-04-02T16:38:31 IST" depends-on-methods="ESAF.Portal.TestCases.ESAF_AgentReg_TestCase.level3Verification" duration-ms="18725" status="PASS">
          <reporter-output>
          </reporter-output>
        </test-method> <!-- level4Verification -->
        <test-method is-config="true" signature="afterClass()[pri:0, instance:ESAF.Portal.TestCases.ESAF_AgentReg_TestCase@67b9b51a]" started-at="2025-04-02T16:38:31 IST" name="afterClass" finished-at="2025-04-02T16:38:31 IST" duration-ms="0" status="PASS">
          <reporter-output>
          </reporter-output>
        </test-method> <!-- afterClass -->
      </class> <!-- ESAF.Portal.TestCases.ESAF_AgentReg_TestCase -->
      <class name="ESAF.Portal.TestCases.ESAF_Aggregator_Registration_TestCase">
        <test-method is-config="true" signature="beforeClass(org.testng.ITestContext)[pri:0, instance:ESAF.Portal.TestCases.ESAF_Aggregator_Registration_TestCase@616ac46a]" started-at="2025-04-02T16:34:49 IST" name="beforeClass" finished-at="2025-04-02T16:34:49 IST" duration-ms="1" status="PASS">
          <params>
            <param index="0">
              <value>
                <![CDATA[org.testng.TestRunner@27f8f1cc]]>
              </value>
            </param>
          </params>
          <reporter-output>
          </reporter-output>
        </test-method> <!-- beforeClass -->
        <test-method is-config="true" signature="Initalization()[pri:0, instance:ESAF.Portal.TestCases.ESAF_Aggregator_Registration_TestCase@616ac46a]" started-at="2025-04-02T16:34:49 IST" name="Initalization" finished-at="2025-04-02T16:34:49 IST" duration-ms="9" status="PASS">
          <reporter-output>
          </reporter-output>
        </test-method> <!-- Initalization -->
        <test-method signature="Registration()[pri:1, instance:ESAF.Portal.TestCases.ESAF_Aggregator_Registration_TestCase@616ac46a]" started-at="2025-04-02T16:34:49 IST" name="Registration" finished-at="2025-04-02T16:35:21 IST" duration-ms="32246" status="PASS">
          <reporter-output>
          </reporter-output>
        </test-method> <!-- Registration -->
        <test-method signature="Document_Upload()[pri:2, instance:ESAF.Portal.TestCases.ESAF_Aggregator_Registration_TestCase@616ac46a]" started-at="2025-04-02T16:35:21 IST" name="Document_Upload" finished-at="2025-04-02T16:35:27 IST" depends-on-methods="ESAF.Portal.TestCases.ESAF_Aggregator_Registration_TestCase.Registration" duration-ms="5765" status="PASS">
          <reporter-output>
          </reporter-output>
        </test-method> <!-- Document_Upload -->
        <test-method signature="Verification()[pri:3, instance:ESAF.Portal.TestCases.ESAF_Aggregator_Registration_TestCase@616ac46a]" started-at="2025-04-02T16:35:27 IST" name="Verification" finished-at="2025-04-02T16:35:35 IST" depends-on-methods="ESAF.Portal.TestCases.ESAF_Aggregator_Registration_TestCase.Document_Upload" duration-ms="8334" status="PASS">
          <reporter-output>
          </reporter-output>
        </test-method> <!-- Verification -->
        <test-method signature="Active_Aggregator()[pri:4, instance:ESAF.Portal.TestCases.ESAF_Aggregator_Registration_TestCase@616ac46a]" started-at="2025-04-02T16:35:35 IST" name="Active_Aggregator" finished-at="2025-04-02T16:35:42 IST" depends-on-methods="ESAF.Portal.TestCases.ESAF_Aggregator_Registration_TestCase.Verification" duration-ms="6785" status="PASS">
          <reporter-output>
          </reporter-output>
        </test-method> <!-- Active_Aggregator -->
        <test-method signature="Deactivated_Aggregator()[pri:6, instance:ESAF.Portal.TestCases.ESAF_Aggregator_Registration_TestCase@616ac46a]" started-at="2025-04-02T16:35:42 IST" name="Deactivated_Aggregator" finished-at="2025-04-02T16:36:06 IST" depends-on-methods="ESAF.Portal.TestCases.ESAF_Aggregator_Registration_TestCase.Active_Aggregator" duration-ms="23762" status="PASS">
          <reporter-output>
          </reporter-output>
        </test-method> <!-- Deactivated_Aggregator -->
        <test-method is-config="true" signature="afterClass()[pri:0, instance:ESAF.Portal.TestCases.ESAF_Aggregator_Registration_TestCase@616ac46a]" started-at="2025-04-02T16:36:06 IST" name="afterClass" finished-at="2025-04-02T16:36:06 IST" duration-ms="1" status="PASS">
          <reporter-output>
          </reporter-output>
        </test-method> <!-- afterClass -->
      </class> <!-- ESAF.Portal.TestCases.ESAF_Aggregator_Registration_TestCase -->
    </test> <!-- Test -->
  </suite> <!-- Suite -->
</testng-results>
